#! /usr/bin/vvp
:ivl_version "10.3 (stable)";
:ivl_delay_selection "TYPICAL";
:vpi_time_precision + 0;
:vpi_module "system";
:vpi_module "vhdl_sys";
:vpi_module "v2005_math";
:vpi_module "va_math";
:vpi_module "v2009";
S_0x55d67f451460 .scope module, "hw4_tb" "hw4_tb" 2 1;
 .timescale 0 0;
v0x55d67f470150_0 .var "a", 2 0;
v0x55d67f470230_0 .var "b", 2 0;
v0x55d67f4702d0_0 .var "c", 2 0;
v0x55d67f4703a0_0 .var "clk", 0 0;
v0x55d67f470440_0 .var "expected", 2 0;
v0x55d67f470500_0 .net "out", 2 0, L_0x55d67f409430;  1 drivers
S_0x55d67f4348c0 .scope begin, "$unm_blk_4" "$unm_blk_4" 2 28, 2 28 0, S_0x55d67f451460;
 .timescale 0 0;
v0x55d67f4400a0_0 .var/i "expected_file", 31 0;
v0x55d67f4325d0_0 .var/i "out_file", 31 0;
S_0x55d67f46f330 .scope begin, "$unm_blk_5" "$unm_blk_5" 2 58, 2 58 0, S_0x55d67f451460;
 .timescale 0 0;
v0x55d67f436520_0 .var/i "expected_file", 31 0;
v0x55d67f437870_0 .var/i "out_file", 31 0;
E_0x55d67f4191c0 .event posedge, v0x55d67f4703a0_0;
S_0x55d67f46f5e0 .scope module, "my_max" "find_max" 2 13, 3 1 0, S_0x55d67f451460;
 .timescale 0 0;
    .port_info 0 /INPUT 3 "a"
    .port_info 1 /INPUT 3 "b"
    .port_info 2 /INPUT 3 "c"
    .port_info 3 /OUTPUT 3 "max"
L_0x55d67f409430 .functor BUFZ 3, v0x55d67f46fc70_0, C4<000>, C4<000>, C4<000>;
v0x55d67f42eb20_0 .net *"_s0", 0 0, L_0x55d67f4782e0;  1 drivers
v0x55d67f46f820_0 .net *"_s2", 0 0, L_0x55d67f4783d0;  1 drivers
v0x55d67f46f8e0_0 .net *"_s4", 2 0, L_0x55d67f4784c0;  1 drivers
v0x55d67f46f9a0_0 .net *"_s6", 0 0, L_0x55d67f478640;  1 drivers
v0x55d67f46fa60_0 .net *"_s8", 2 0, L_0x55d67f4787a0;  1 drivers
v0x55d67f46fb90_0 .net "a", 2 0, v0x55d67f470150_0;  1 drivers
v0x55d67f46fc70_0 .var "ans", 2 0;
v0x55d67f46fd50_0 .net "b", 2 0, v0x55d67f470230_0;  1 drivers
v0x55d67f46fe30_0 .net "c", 2 0, v0x55d67f4702d0_0;  1 drivers
v0x55d67f46ff10_0 .net "max", 2 0, L_0x55d67f409430;  alias, 1 drivers
v0x55d67f46fff0_0 .net "maxVal", 2 0, L_0x55d67f4788d0;  1 drivers
E_0x55d67f418d00 .event edge, v0x55d67f46fff0_0, v0x55d67f46fb90_0, v0x55d67f46fd50_0, v0x55d67f46fe30_0;
L_0x55d67f4782e0 .cmp/gt 3, v0x55d67f470150_0, v0x55d67f470230_0;
L_0x55d67f4783d0 .cmp/gt 3, v0x55d67f470150_0, v0x55d67f4702d0_0;
L_0x55d67f4784c0 .functor MUXZ 3, v0x55d67f4702d0_0, v0x55d67f470150_0, L_0x55d67f4783d0, C4<>;
L_0x55d67f478640 .cmp/gt 3, v0x55d67f470230_0, v0x55d67f4702d0_0;
L_0x55d67f4787a0 .functor MUXZ 3, v0x55d67f4702d0_0, v0x55d67f470230_0, L_0x55d67f478640, C4<>;
L_0x55d67f4788d0 .functor MUXZ 3, L_0x55d67f4787a0, L_0x55d67f4784c0, L_0x55d67f4782e0, C4<>;
S_0x55d67f451080 .scope module, "hw6q1_tb" "hw6q1_tb" 2 75;
 .timescale 0 0;
v0x55d67f4717d0_0 .var "clk", 0 0;
v0x55d67f471890_0 .var "cycle_counter", 8 0;
v0x55d67f471950_0 .var "denominator", 31 0;
v0x55d67f471a50_0 .var "expected_quotient", 31 0;
v0x55d67f471b10_0 .var "expected_remainder", 31 0;
v0x55d67f471bf0_0 .var "numerator", 31 0;
v0x55d67f471cb0_0 .net "quotient", 31 0, L_0x55d67f418400;  1 drivers
v0x55d67f471d80_0 .net "remainder", 31 0, L_0x55d67f418310;  1 drivers
S_0x55d67f4705c0 .scope begin, "$unm_blk_12" "$unm_blk_12" 2 123, 2 123 0, S_0x55d67f451080;
 .timescale 0 0;
v0x55d67f4707d0_0 .var/i "debug_file", 31 0;
v0x55d67f4708d0_0 .var/i "expected_file", 31 0;
v0x55d67f4709b0_0 .var/i "out_file", 31 0;
E_0x55d67f418f80 .event posedge, v0x55d67f470e80_0;
S_0x55d67f470aa0 .scope module, "my_divider" "divider" 2 88, 4 1 0, S_0x55d67f451080;
 .timescale 0 0;
    .port_info 0 /INPUT 32 "dividend"
    .port_info 1 /INPUT 32 "divisor"
    .port_info 2 /INPUT 1 "clk"
    .port_info 3 /OUTPUT 32 "quotient"
    .port_info 4 /OUTPUT 32 "remainder"
P_0x55d67f427330 .param/l "init" 0 4 9, C4<00>;
P_0x55d67f427370 .param/l "shift" 0 4 10, C4<01>;
P_0x55d67f4273b0 .param/l "store" 0 4 12, C4<11>;
P_0x55d67f4273f0 .param/l "subtract" 0 4 11, C4<10>;
L_0x55d67f418400 .functor BUFZ 32, v0x55d67f4711f0_0, C4<00000000000000000000000000000000>, C4<00000000000000000000000000000000>, C4<00000000000000000000000000000000>;
L_0x55d67f418310 .functor BUFZ 32, v0x55d67f4715c0_0, C4<00000000000000000000000000000000>, C4<00000000000000000000000000000000>, C4<00000000000000000000000000000000>;
v0x55d67f470e80_0 .net "clk", 0 0, v0x55d67f4717d0_0;  1 drivers
v0x55d67f470f40_0 .net "dividend", 31 0, v0x55d67f471bf0_0;  1 drivers
v0x55d67f471020_0 .net "divisor", 31 0, v0x55d67f471950_0;  1 drivers
v0x55d67f471110_0 .var "i", 31 0;
v0x55d67f4711f0_0 .var "q", 31 0;
v0x55d67f471320_0 .net "quotient", 31 0, L_0x55d67f418400;  alias, 1 drivers
v0x55d67f471400_0 .net "remainder", 31 0, L_0x55d67f418310;  alias, 1 drivers
v0x55d67f4714e0_0 .var "state", 1 0;
v0x55d67f4715c0_0 .var "temp_dividend", 31 0;
S_0x55d67f44b7b0 .scope module, "hw6q2_tb" "hw6q2_tb" 2 148;
 .timescale 0 0;
v0x55d67f4736a0_0 .var "clk", 0 0;
v0x55d67f473760_0 .var "cycle_counter", 8 0;
v0x55d67f473820_0 .var "expected_fact", 31 0;
v0x55d67f473910_0 .var "expected_overflow", 0 0;
v0x55d67f4739d0_0 .net "fact", 31 0, L_0x55d67f3a2d10;  1 drivers
v0x55d67f473a90_0 .net "overflow", 0 0, L_0x55d67f478bb0;  1 drivers
v0x55d67f473b60_0 .net "ready", 0 0, L_0x55d67f446160;  1 drivers
v0x55d67f473c30_0 .var "val", 31 0;
S_0x55d67f471e50 .scope begin, "$unm_blk_19" "$unm_blk_19" 2 177, 2 177 0, S_0x55d67f44b7b0;
 .timescale 0 0;
v0x55d67f472020_0 .var/i "expected_file", 31 0;
v0x55d67f472120_0 .var/i "out_file", 31 0;
S_0x55d67f472200 .scope begin, "$unm_blk_20" "$unm_blk_20" 2 207, 2 207 0, S_0x55d67f44b7b0;
 .timescale 0 0;
v0x55d67f472410_0 .var/i "debug_file", 31 0;
v0x55d67f472510_0 .var/i "expected_file", 31 0;
v0x55d67f4725f0_0 .var/i "out_file", 31 0;
E_0x55d67f453e80 .event posedge, v0x55d67f472c10_0;
S_0x55d67f4726e0 .scope module, "my_fact" "factorial" 2 162, 4 64 0, S_0x55d67f44b7b0;
 .timescale 0 0;
    .port_info 0 /INPUT 32 "val"
    .port_info 1 /OUTPUT 32 "factorial"
    .port_info 2 /INPUT 1 "clk"
    .port_info 3 /OUTPUT 1 "ready"
    .port_info 4 /OUTPUT 1 "overflow"
P_0x55d67f4728e0 .param/l "init" 0 4 71, C4<00>;
P_0x55d67f472920 .param/l "multiply" 0 4 72, C4<01>;
P_0x55d67f472960 .param/l "store" 0 4 73, C4<10>;
L_0x55d67f3a2d10 .functor BUFZ 32, v0x55d67f472b30_0, C4<00000000000000000000000000000000>, C4<00000000000000000000000000000000>, C4<00000000000000000000000000000000>;
L_0x55d67f446160 .functor BUFZ 1, v0x55d67f473210_0, C4<0>, C4<0>, C4<0>;
L_0x55d67f478bb0 .functor BUFZ 1, v0x55d67f473090_0, C4<0>, C4<0>, C4<0>;
v0x55d67f472b30_0 .var "ans", 31 0;
v0x55d67f472c10_0 .net "clk", 0 0, v0x55d67f4736a0_0;  1 drivers
v0x55d67f472cd0_0 .var "counter", 31 0;
v0x55d67f472dc0_0 .net "factorial", 31 0, L_0x55d67f3a2d10;  alias, 1 drivers
v0x55d67f472ea0_0 .var "nextState", 1 0;
v0x55d67f472fd0_0 .net "overflow", 0 0, L_0x55d67f478bb0;  alias, 1 drivers
v0x55d67f473090_0 .var "overflowBit", 0 0;
v0x55d67f473150_0 .net "ready", 0 0, L_0x55d67f446160;  alias, 1 drivers
v0x55d67f473210_0 .var "readyBit", 0 0;
v0x55d67f473360_0 .var "state", 1 0;
v0x55d67f473440_0 .var "temp", 31 0;
v0x55d67f473520_0 .net "val", 31 0, v0x55d67f473c30_0;  1 drivers
S_0x55d67f43e1a0 .scope module, "hw6q3tb" "hw6q3tb" 2 236;
 .timescale 0 0;
v0x55d67f4754c0_0 .net "avg", 31 0, L_0x55d67f488c80;  1 drivers
v0x55d67f4755a0_0 .var "clk", 0 0;
v0x55d67f475670_0 .var "cycle_counter", 8 0;
v0x55d67f475740_0 .var "expected_avg", 31 0;
v0x55d67f475800_0 .var "expected_overflow", 0 0;
v0x55d67f4758c0_0 .var "in", 31 0;
v0x55d67f475980_0 .var "input_1", 31 0;
v0x55d67f475a40_0 .var "input_2", 31 0;
v0x55d67f475b20_0 .var "input_3", 31 0;
v0x55d67f475c90_0 .var "input_4", 31 0;
v0x55d67f475d70_0 .var "input_5", 31 0;
v0x55d67f475e50_0 .var "input_6", 31 0;
v0x55d67f475f30_0 .net "overflow", 0 0, L_0x55d67f488e80;  1 drivers
v0x55d67f476000_0 .net "ready", 0 0, L_0x55d67f488dc0;  1 drivers
S_0x55d67f473d00 .scope begin, "$unm_blk_27" "$unm_blk_27" 2 273, 2 273 0, S_0x55d67f43e1a0;
 .timescale 0 0;
v0x55d67f473ed0_0 .var/i "expected_file", 31 0;
v0x55d67f473f90_0 .var/i "out_file", 31 0;
S_0x55d67f474070 .scope begin, "$unm_blk_28" "$unm_blk_28" 2 339, 2 339 0, S_0x55d67f43e1a0;
 .timescale 0 0;
v0x55d67f474280_0 .var/i "debug_file", 31 0;
v0x55d67f474380_0 .var/i "expected_file", 31 0;
v0x55d67f474460_0 .var/i "out_file", 31 0;
E_0x55d67f454140 .event posedge, v0x55d67f474c20_0;
S_0x55d67f474550 .scope module, "my_avg" "average" 2 257, 4 126 0, S_0x55d67f43e1a0;
 .timescale 0 0;
    .port_info 0 /INPUT 32 "in"
    .port_info 1 /INPUT 1 "clk"
    .port_info 2 /OUTPUT 32 "avg"
    .port_info 3 /OUTPUT 1 "ready"
    .port_info 4 /OUTPUT 1 "overflow"
P_0x55d67f474750 .param/l "store" 1 4 134, C4<1>;
P_0x55d67f474790 .param/l "sum" 1 4 133, C4<0>;
L_0x55d67f488dc0 .functor BUFZ 1, v0x55d67f4751c0_0, C4<0>, C4<0>, C4<0>;
L_0x55d67f488e80 .functor BUFZ 1, v0x55d67f474fb0_0, C4<0>, C4<0>, C4<0>;
L_0x7ffa2587f018 .functor BUFT 1, C4<00000000000000000000000000000110>, C4<0>, C4<0>, C4<0>;
v0x55d67f474970_0 .net/2u *"_s0", 31 0, L_0x7ffa2587f018;  1 drivers
v0x55d67f474a50_0 .var "ans", 31 0;
v0x55d67f474b30_0 .net "avg", 31 0, L_0x55d67f488c80;  alias, 1 drivers
v0x55d67f474c20_0 .net "clk", 0 0, v0x55d67f4755a0_0;  1 drivers
v0x55d67f474ce0_0 .var "counter", 31 0;
v0x55d67f474e10_0 .net "in", 31 0, v0x55d67f4758c0_0;  1 drivers
v0x55d67f474ef0_0 .net "overflow", 0 0, L_0x55d67f488e80;  alias, 1 drivers
v0x55d67f474fb0_0 .var "overflowBit", 0 0;
v0x55d67f475070_0 .net "ready", 0 0, L_0x55d67f488dc0;  alias, 1 drivers
v0x55d67f4751c0_0 .var "readyBit", 0 0;
v0x55d67f475280_0 .var "state", 0 0;
v0x55d67f475340_0 .var "temp", 31 0;
L_0x55d67f488c80 .arith/div 32, v0x55d67f474a50_0, L_0x7ffa2587f018;
S_0x55d67f43ddc0 .scope module, "hw6q4tb" "hw6q4tb" 2 382;
 .timescale 0 0;
v0x55d67f477080_0 .var "clk", 0 0;
v0x55d67f477140_0 .var "expected_sum", 31 0;
v0x55d67f477200_0 .net "running_sum", 31 0, L_0x55d67f488f60;  1 drivers
v0x55d67f477300_0 .var "stream_1", 31 0;
v0x55d67f4773d0_0 .var "stream_2", 31 0;
S_0x55d67f4760d0 .scope begin, "$unm_blk_35" "$unm_blk_35" 2 408, 2 408 0, S_0x55d67f43ddc0;
 .timescale 0 0;
v0x55d67f476250_0 .var/i "expected_file", 31 0;
v0x55d67f476330_0 .var/i "out_file", 31 0;
S_0x55d67f476410 .scope begin, "$unm_blk_36" "$unm_blk_36" 2 435, 2 435 0, S_0x55d67f43ddc0;
 .timescale 0 0;
v0x55d67f476660_0 .var/i "debug_file", 31 0;
v0x55d67f476760_0 .var/i "expected_file", 31 0;
v0x55d67f476840_0 .var/i "out_file", 31 0;
E_0x55d67f476600 .event posedge, v0x55d67f476b60_0;
S_0x55d67f476930 .scope module, "my_stream" "stream" 2 393, 4 175 0, S_0x55d67f43ddc0;
 .timescale 0 0;
    .port_info 0 /INPUT 32 "first_stream"
    .port_info 1 /INPUT 32 "second_stream"
    .port_info 2 /INPUT 1 "clk"
    .port_info 3 /OUTPUT 32 "running_sum"
L_0x55d67f488f60 .functor BUFZ 32, v0x55d67f476ed0_0, C4<00000000000000000000000000000000>, C4<00000000000000000000000000000000>, C4<00000000000000000000000000000000>;
v0x55d67f476b60_0 .net "clk", 0 0, v0x55d67f477080_0;  1 drivers
v0x55d67f476c20_0 .net "first_stream", 31 0, v0x55d67f477300_0;  1 drivers
v0x55d67f476d00_0 .net "running_sum", 31 0, L_0x55d67f488f60;  alias, 1 drivers
v0x55d67f476df0_0 .net "second_stream", 31 0, v0x55d67f4773d0_0;  1 drivers
v0x55d67f476ed0_0 .var "sum", 31 0;
S_0x55d67f434ca0 .scope module, "queue" "queue" 5 1;
 .timescale 0 0;
    .port_info 0 /INPUT 1 "clk"
    .port_info 1 /INPUT 32 "in"
    .port_info 2 /INPUT 1 "signal"
    .port_info 3 /OUTPUT 32 "out"
    .port_info 4 /OUTPUT 1 "queue_full"
    .port_info 5 /OUTPUT 1 "queue_empty"
L_0x55d67f489020 .functor BUFZ 32, v0x55d67f4778f0_0, C4<00000000000000000000000000000000>, C4<00000000000000000000000000000000>, C4<00000000000000000000000000000000>;
L_0x55d67f4890b0 .functor BUFZ 1, v0x55d67f477aa0_0, C4<0>, C4<0>, C4<0>;
L_0x55d67f489150 .functor BUFZ 1, v0x55d67f4779d0_0, C4<0>, C4<0>, C4<0>;
o0x7ffa258c9548 .functor BUFZ 1, C4<z>; HiZ drive
v0x55d67f477810_0 .net "clk", 0 0, o0x7ffa258c9548;  0 drivers
v0x55d67f4778f0_0 .var "deqOut", 31 0;
v0x55d67f4779d0_0 .var "empty", 0 0;
v0x55d67f477aa0_0 .var "full", 0 0;
o0x7ffa258c9608 .functor BUFZ 32, C4<zzzzzzzzzzzzzzzzzzzzzzzzzzzzzzzz>; HiZ drive
v0x55d67f477b60_0 .net "in", 31 0, o0x7ffa258c9608;  0 drivers
v0x55d67f477c90_0 .net "out", 31 0, L_0x55d67f489020;  1 drivers
v0x55d67f477d70 .array "queue", 0 7, 31 0;
v0x55d67f477e30_0 .net "queue_empty", 0 0, L_0x55d67f489150;  1 drivers
v0x55d67f477ef0_0 .net "queue_full", 0 0, L_0x55d67f4890b0;  1 drivers
o0x7ffa258c96c8 .functor BUFZ 1, C4<z>; HiZ drive
v0x55d67f478040_0 .net "signal", 0 0, o0x7ffa258c96c8;  0 drivers
v0x55d67f478100_0 .var/i "size", 31 0;
E_0x55d67f4774c0 .event posedge, v0x55d67f477810_0;
S_0x55d67f477520 .scope begin, "$ivl_for_loop0" "$ivl_for_loop0" 5 29, 5 29 0, S_0x55d67f434ca0;
 .timescale 0 0;
v0x55d67f477710_0 .var/2s "i", 31 0;
    .scope S_0x55d67f46f5e0;
T_0 ;
    %wait E_0x55d67f418d00;
    %load/vec4 v0x55d67f46fff0_0;
    %dup/vec4;
    %load/vec4 v0x55d67f46fb90_0;
    %cmp/u;
    %jmp/1 T_0.0, 6;
    %dup/vec4;
    %load/vec4 v0x55d67f46fd50_0;
    %cmp/u;
    %jmp/1 T_0.1, 6;
    %dup/vec4;
    %load/vec4 v0x55d67f46fe30_0;
    %cmp/u;
    %jmp/1 T_0.2, 6;
    %jmp T_0.3;
T_0.0 ;
    %pushi/vec4 4, 0, 3;
    %store/vec4 v0x55d67f46fc70_0, 0, 3;
    %jmp T_0.3;
T_0.1 ;
    %pushi/vec4 2, 0, 3;
    %store/vec4 v0x55d67f46fc70_0, 0, 3;
    %jmp T_0.3;
T_0.2 ;
    %pushi/vec4 1, 0, 3;
    %store/vec4 v0x55d67f46fc70_0, 0, 3;
    %jmp T_0.3;
T_0.3 ;
    %pop/vec4 1;
    %jmp T_0;
    .thread T_0, $push;
    .scope S_0x55d67f451460;
T_1 ;
    %pushi/vec4 0, 0, 1;
    %store/vec4 v0x55d67f4703a0_0, 0, 1;
T_1.0 ;
    %delay 5, 0;
    %load/vec4 v0x55d67f4703a0_0;
    %nor/r;
    %store/vec4 v0x55d67f4703a0_0, 0, 1;
    %jmp T_1.0;
    %end;
    .thread T_1;
    .scope S_0x55d67f451460;
T_2 ;
    %vpi_call/w 2 24 "$dumpfile", "dump_hw4.vcd" {0 0 0};
    %vpi_call/w 2 25 "$dumpvars", 32'sb00000000000000000000000000000000 {0 0 0};
    %end;
    .thread T_2;
    .scope S_0x55d67f451460;
T_3 ;
    %fork t_1, S_0x55d67f4348c0;
    %jmp t_0;
    .scope S_0x55d67f4348c0;
t_1 ;
    %vpi_func 2 31 "$fopen" 32, "hw4_out_display.text" {0 0 0};
    %store/vec4 v0x55d67f4325d0_0, 0, 32;
    %vpi_func 2 32 "$fopen" 32, "hw4_expected_display.text" {0 0 0};
    %store/vec4 v0x55d67f4400a0_0, 0, 32;
    %delay 10, 0;
    %delay 10, 0;
    %vpi_call/w 2 48 "$fclose", v0x55d67f4325d0_0 {0 0 0};
    %vpi_call/w 2 49 "$fclose", v0x55d67f4400a0_0 {0 0 0};
    %end;
    .scope S_0x55d67f451460;
t_0 %join;
    %end;
    .thread T_3;
    .scope S_0x55d67f451460;
T_4 ;
    %fork t_3, S_0x55d67f46f330;
    %jmp t_2;
    .scope S_0x55d67f46f330;
t_3 ;
    %vpi_func 2 60 "$fopen" 32, "hw4_out_display.text" {0 0 0};
    %store/vec4 v0x55d67f437870_0, 0, 32;
    %vpi_func 2 61 "$fopen" 32, "hw4_expected_display.text" {0 0 0};
    %store/vec4 v0x55d67f436520_0, 0, 32;
T_4.0 ;
    %wait E_0x55d67f4191c0;
    %vpi_call/w 2 65 "$display", "%t, out =  %b, expected = %b", $time, v0x55d67f470500_0, v0x55d67f470440_0 {0 0 0};
    %vpi_call/w 2 66 "$fwrite", v0x55d67f437870_0, "%t, out = %b\012", $time, v0x55d67f470500_0 {0 0 0};
    %vpi_call/w 2 67 "$fwrite", v0x55d67f436520_0, "%t, out = %b\012", $time, v0x55d67f470440_0 {0 0 0};
    %jmp T_4.0;
    %vpi_call/w 2 70 "$fclose", v0x55d67f437870_0 {0 0 0};
    %vpi_call/w 2 71 "$fclose", v0x55d67f436520_0 {0 0 0};
    %end;
    .scope S_0x55d67f451460;
t_2 %join;
    %end;
    .thread T_4;
    .scope S_0x55d67f470aa0;
T_5 ;
    %pushi/vec4 0, 0, 32;
    %store/vec4 v0x55d67f4715c0_0, 0, 32;
    %pushi/vec4 0, 0, 32;
    %store/vec4 v0x55d67f4711f0_0, 0, 32;
    %pushi/vec4 0, 0, 32;
    %store/vec4 v0x55d67f471110_0, 0, 32;
    %pushi/vec4 0, 0, 2;
    %store/vec4 v0x55d67f4714e0_0, 0, 2;
    %end;
    .thread T_5;
    .scope S_0x55d67f470aa0;
T_6 ;
    %wait E_0x55d67f418f80;
    %load/vec4 v0x55d67f4714e0_0;
    %dup/vec4;
    %pushi/vec4 0, 0, 2;
    %cmp/u;
    %jmp/1 T_6.0, 6;
    %dup/vec4;
    %pushi/vec4 1, 0, 2;
    %cmp/u;
    %jmp/1 T_6.1, 6;
    %dup/vec4;
    %pushi/vec4 2, 0, 2;
    %cmp/u;
    %jmp/1 T_6.2, 6;
    %dup/vec4;
    %pushi/vec4 3, 0, 2;
    %cmp/u;
    %jmp/1 T_6.3, 6;
    %jmp T_6.4;
T_6.0 ;
    %pushi/vec4 0, 0, 32;
    %store/vec4 v0x55d67f4715c0_0, 0, 32;
    %pushi/vec4 0, 0, 32;
    %store/vec4 v0x55d67f4711f0_0, 0, 32;
    %pushi/vec4 0, 0, 32;
    %store/vec4 v0x55d67f471110_0, 0, 32;
    %pushi/vec4 1, 0, 2;
    %store/vec4 v0x55d67f4714e0_0, 0, 2;
    %jmp T_6.4;
T_6.1 ;
    %load/vec4 v0x55d67f471020_0;
    %load/vec4 v0x55d67f4715c0_0;
    %cmp/u;
    %flag_or 5, 4;
    %jmp/0xz  T_6.5, 5;
    %pushi/vec4 2, 0, 2;
    %store/vec4 v0x55d67f4714e0_0, 0, 2;
    %jmp T_6.6;
T_6.5 ;
    %pushi/vec4 31, 0, 32;
    %load/vec4 v0x55d67f471110_0;
    %cmp/u;
    %jmp/0xz  T_6.7, 5;
    %pushi/vec4 3, 0, 2;
    %store/vec4 v0x55d67f4714e0_0, 0, 2;
    %jmp T_6.8;
T_6.7 ;
    %load/vec4 v0x55d67f4715c0_0;
    %load/vec4 v0x55d67f471020_0;
    %cmp/u;
    %flag_get/vec4 5;
    %load/vec4 v0x55d67f471110_0;
    %cmpi/u 32, 0, 32;
    %flag_get/vec4 5;
    %and;
    %flag_set/vec4 8;
    %jmp/0xz  T_6.9, 8;
    %load/vec4 v0x55d67f4715c0_0;
    %parti/s 31, 0, 2;
    %load/vec4 v0x55d67f470f40_0;
    %pushi/vec4 31, 0, 32;
    %load/vec4 v0x55d67f471110_0;
    %sub;
    %part/u 1;
    %concat/vec4; draw_concat_vec4
    %store/vec4 v0x55d67f4715c0_0, 0, 32;
    %load/vec4 v0x55d67f4711f0_0;
    %parti/s 31, 0, 2;
    %concati/vec4 0, 0, 1;
    %store/vec4 v0x55d67f4711f0_0, 0, 32;
    %pushi/vec4 1, 0, 2;
    %store/vec4 v0x55d67f4714e0_0, 0, 2;
    %load/vec4 v0x55d67f471110_0;
    %addi 1, 0, 32;
    %store/vec4 v0x55d67f471110_0, 0, 32;
T_6.9 ;
T_6.8 ;
T_6.6 ;
    %jmp T_6.4;
T_6.2 ;
    %load/vec4 v0x55d67f4715c0_0;
    %load/vec4 v0x55d67f471020_0;
    %sub;
    %store/vec4 v0x55d67f4715c0_0, 0, 32;
    %load/vec4 v0x55d67f4711f0_0;
    %addi 1, 0, 32;
    %store/vec4 v0x55d67f4711f0_0, 0, 32;
    %pushi/vec4 1, 0, 2;
    %store/vec4 v0x55d67f4714e0_0, 0, 2;
    %jmp T_6.4;
T_6.3 ;
    %pushi/vec4 3, 0, 2;
    %store/vec4 v0x55d67f4714e0_0, 0, 2;
    %jmp T_6.4;
T_6.4 ;
    %pop/vec4 1;
    %jmp T_6;
    .thread T_6;
    .scope S_0x55d67f451080;
T_7 ;
    %pushi/vec4 0, 0, 9;
    %store/vec4 v0x55d67f471890_0, 0, 9;
    %end;
    .thread T_7, $init;
    .scope S_0x55d67f451080;
T_8 ;
    %pushi/vec4 0, 0, 1;
    %store/vec4 v0x55d67f4717d0_0, 0, 1;
T_8.0 ;
    %delay 5, 0;
    %load/vec4 v0x55d67f4717d0_0;
    %nor/r;
    %store/vec4 v0x55d67f4717d0_0, 0, 1;
    %jmp T_8.0;
    %end;
    .thread T_8;
    .scope S_0x55d67f451080;
T_9 ;
    %vpi_call/w 2 99 "$dumpfile", "dump_hw6q1.vcd" {0 0 0};
    %vpi_call/w 2 100 "$dumpvars", 32'sb00000000000000000000000000000000 {0 0 0};
    %end;
    .thread T_9;
    .scope S_0x55d67f451080;
T_10 ;
    %delay 640, 0;
    %vpi_call/w 2 117 "$finish" {0 0 0};
    %end;
    .thread T_10;
    .scope S_0x55d67f451080;
T_11 ;
    %fork t_5, S_0x55d67f4705c0;
    %jmp t_4;
    .scope S_0x55d67f4705c0;
t_5 ;
    %vpi_func 2 125 "$fopen" 32, "hw6q1_out_display.text" {0 0 0};
    %store/vec4 v0x55d67f4709b0_0, 0, 32;
    %vpi_func 2 126 "$fopen" 32, "hw6q1_expected_display.text" {0 0 0};
    %store/vec4 v0x55d67f4708d0_0, 0, 32;
    %vpi_func 2 127 "$fopen" 32, "dbg.text" {0 0 0};
    %store/vec4 v0x55d67f4707d0_0, 0, 32;
T_11.0 ;
    %wait E_0x55d67f418f80;
    %load/vec4 v0x55d67f471890_0;
    %addi 1, 0, 9;
    %assign/vec4 v0x55d67f471890_0, 0;
    %vpi_call/w 2 132 "$fwrite", v0x55d67f4707d0_0, "cycle_counter = %b\012", v0x55d67f471890_0 {0 0 0};
    %load/vec4 v0x55d67f471890_0;
    %pad/u 32;
    %cmpi/e 31, 0, 32;
    %flag_mov 8, 4;
    %load/vec4 v0x55d67f471890_0;
    %pad/u 32;
    %cmpi/e 63, 0, 32;
    %flag_or 4, 8;
    %jmp/0xz  T_11.1, 4;
    %vpi_call/w 2 134 "$fwrite", v0x55d67f4709b0_0, "cycle_counter = %b\012", v0x55d67f471890_0 {0 0 0};
    %vpi_call/w 2 135 "$fwrite", v0x55d67f4708d0_0, "cycle_counter = %b\012", v0x55d67f471890_0 {0 0 0};
    %vpi_call/w 2 136 "$display", "%t, quotient =  %b, remainder = %b, expected quotient = %b, expected remainder = %b", $time, v0x55d67f471cb0_0, v0x55d67f471d80_0, v0x55d67f471a50_0, v0x55d67f471b10_0 {0 0 0};
    %vpi_call/w 2 137 "$fwrite", v0x55d67f4709b0_0, "%t, quotient = %b\012, remainder = %b\012", $time, v0x55d67f471cb0_0, v0x55d67f471d80_0 {0 0 0};
    %vpi_call/w 2 138 "$fwrite", v0x55d67f4708d0_0, "%t, quotient = %b\012, remainder = %b\012", $time, v0x55d67f471a50_0, v0x55d67f471b10_0 {0 0 0};
T_11.1 ;
    %jmp T_11.0;
    %vpi_call/w 2 142 "$fclose", v0x55d67f4709b0_0 {0 0 0};
    %vpi_call/w 2 143 "$fclose", v0x55d67f4708d0_0 {0 0 0};
    %vpi_call/w 2 144 "$fclose", v0x55d67f4707d0_0 {0 0 0};
    %end;
    .scope S_0x55d67f451080;
t_4 %join;
    %end;
    .thread T_11;
    .scope S_0x55d67f4726e0;
T_12 ;
    %pushi/vec4 1, 0, 32;
    %store/vec4 v0x55d67f472b30_0, 0, 32;
    %pushi/vec4 1, 0, 32;
    %store/vec4 v0x55d67f473440_0, 0, 32;
    %pushi/vec4 0, 0, 1;
    %store/vec4 v0x55d67f473210_0, 0, 1;
    %pushi/vec4 0, 0, 1;
    %store/vec4 v0x55d67f473090_0, 0, 1;
    %end;
    .thread T_12, $init;
    .scope S_0x55d67f4726e0;
T_13 ;
    %pushi/vec4 0, 0, 2;
    %store/vec4 v0x55d67f473360_0, 0, 2;
    %pushi/vec4 1, 0, 2;
    %store/vec4 v0x55d67f472ea0_0, 0, 2;
    %pushi/vec4 0, 0, 32;
    %store/vec4 v0x55d67f473440_0, 0, 32;
    %end;
    .thread T_13;
    .scope S_0x55d67f4726e0;
T_14 ;
    %wait E_0x55d67f453e80;
    %load/vec4 v0x55d67f473360_0;
    %dup/vec4;
    %pushi/vec4 0, 0, 2;
    %cmp/u;
    %jmp/1 T_14.0, 6;
    %dup/vec4;
    %pushi/vec4 1, 0, 2;
    %cmp/u;
    %jmp/1 T_14.1, 6;
    %dup/vec4;
    %pushi/vec4 2, 0, 2;
    %cmp/u;
    %jmp/1 T_14.2, 6;
    %jmp T_14.3;
T_14.0 ;
    %pushi/vec4 1, 0, 2;
    %store/vec4 v0x55d67f472ea0_0, 0, 2;
    %jmp T_14.3;
T_14.1 ;
    %pushi/vec4 1, 0, 32;
    %load/vec4 v0x55d67f472cd0_0;
    %cmp/u;
    %flag_mov 8, 5;
    %jmp/0 T_14.4, 8;
    %pushi/vec4 1, 0, 2;
    %jmp/1 T_14.5, 8;
T_14.4 ; End of true expr.
    %pushi/vec4 2, 0, 2;
    %jmp/0 T_14.5, 8;
 ; End of false expr.
    %blend;
T_14.5;
    %store/vec4 v0x55d67f472ea0_0, 0, 2;
    %jmp T_14.3;
T_14.2 ;
    %pushi/vec4 2, 0, 2;
    %store/vec4 v0x55d67f472ea0_0, 0, 2;
    %jmp T_14.3;
T_14.3 ;
    %pop/vec4 1;
    %jmp T_14;
    .thread T_14;
    .scope S_0x55d67f4726e0;
T_15 ;
    %wait E_0x55d67f453e80;
    %load/vec4 v0x55d67f472ea0_0;
    %store/vec4 v0x55d67f473360_0, 0, 2;
    %jmp T_15;
    .thread T_15;
    .scope S_0x55d67f4726e0;
T_16 ;
    %wait E_0x55d67f453e80;
    %load/vec4 v0x55d67f473360_0;
    %dup/vec4;
    %pushi/vec4 0, 0, 2;
    %cmp/u;
    %jmp/1 T_16.0, 6;
    %dup/vec4;
    %pushi/vec4 1, 0, 2;
    %cmp/u;
    %jmp/1 T_16.1, 6;
    %dup/vec4;
    %pushi/vec4 2, 0, 2;
    %cmp/u;
    %jmp/1 T_16.2, 6;
    %jmp T_16.3;
T_16.0 ;
    %pushi/vec4 0, 0, 1;
    %store/vec4 v0x55d67f473210_0, 0, 1;
    %pushi/vec4 0, 0, 1;
    %store/vec4 v0x55d67f473090_0, 0, 1;
    %load/vec4 v0x55d67f473520_0;
    %store/vec4 v0x55d67f472cd0_0, 0, 32;
    %pushi/vec4 1, 0, 32;
    %store/vec4 v0x55d67f472b30_0, 0, 32;
    %jmp T_16.3;
T_16.1 ;
    %load/vec4 v0x55d67f472b30_0;
    %load/vec4 v0x55d67f472cd0_0;
    %mul;
    %store/vec4 v0x55d67f473440_0, 0, 32;
    %load/vec4 v0x55d67f473440_0;
    %load/vec4 v0x55d67f472cd0_0;
    %cmp/u;
    %flag_mov 8, 5;
    %load/vec4 v0x55d67f473440_0;
    %load/vec4 v0x55d67f472b30_0;
    %cmp/u;
    %flag_or 5, 8;
    %jmp/0xz  T_16.4, 5;
    %pushi/vec4 1, 0, 1;
    %store/vec4 v0x55d67f473090_0, 0, 1;
T_16.4 ;
    %load/vec4 v0x55d67f473440_0;
    %store/vec4 v0x55d67f472b30_0, 0, 32;
    %load/vec4 v0x55d67f472cd0_0;
    %subi 1, 0, 32;
    %store/vec4 v0x55d67f472cd0_0, 0, 32;
    %jmp T_16.3;
T_16.2 ;
    %pushi/vec4 1, 0, 1;
    %store/vec4 v0x55d67f473210_0, 0, 1;
    %jmp T_16.3;
T_16.3 ;
    %pop/vec4 1;
    %jmp T_16;
    .thread T_16;
    .scope S_0x55d67f44b7b0;
T_17 ;
    %pushi/vec4 0, 0, 9;
    %store/vec4 v0x55d67f473760_0, 0, 9;
    %end;
    .thread T_17, $init;
    .scope S_0x55d67f44b7b0;
T_18 ;
    %pushi/vec4 0, 0, 1;
    %store/vec4 v0x55d67f4736a0_0, 0, 1;
T_18.0 ;
    %delay 5, 0;
    %load/vec4 v0x55d67f4736a0_0;
    %inv;
    %store/vec4 v0x55d67f4736a0_0, 0, 1;
    %jmp T_18.0;
    %end;
    .thread T_18;
    .scope S_0x55d67f44b7b0;
T_19 ;
    %vpi_call/w 2 173 "$dumpfile", "dump_hw6q2.vcd" {0 0 0};
    %vpi_call/w 2 174 "$dumpvars", 32'sb00000000000000000000000000000000 {0 0 0};
    %end;
    .thread T_19;
    .scope S_0x55d67f44b7b0;
T_20 ;
    %fork t_7, S_0x55d67f471e50;
    %jmp t_6;
    .scope S_0x55d67f471e50;
t_7 ;
    %vpi_func 2 182 "$fopen" 32, "hw6q2_out_display.text" {0 0 0};
    %store/vec4 v0x55d67f472120_0, 0, 32;
    %vpi_func 2 183 "$fopen" 32, "hw6q2_expected_display.text" {0 0 0};
    %store/vec4 v0x55d67f472020_0, 0, 32;
    %vpi_call/w 2 197 "$fclose", v0x55d67f472120_0 {0 0 0};
    %vpi_call/w 2 198 "$fclose", v0x55d67f472020_0 {0 0 0};
    %end;
    .scope S_0x55d67f44b7b0;
t_6 %join;
    %end;
    .thread T_20;
    .scope S_0x55d67f44b7b0;
T_21 ;
    %fork t_9, S_0x55d67f472200;
    %jmp t_8;
    .scope S_0x55d67f472200;
t_9 ;
    %vpi_func 2 209 "$fopen" 32, "hw6q2_out_display.text" {0 0 0};
    %store/vec4 v0x55d67f4725f0_0, 0, 32;
    %vpi_func 2 210 "$fopen" 32, "hw6q2_expected_display.text" {0 0 0};
    %store/vec4 v0x55d67f472510_0, 0, 32;
    %vpi_func 2 211 "$fopen" 32, "dbg.text" {0 0 0};
    %store/vec4 v0x55d67f472410_0, 0, 32;
T_21.0 ;
    %wait E_0x55d67f453e80;
    %load/vec4 v0x55d67f473760_0;
    %addi 1, 0, 9;
    %assign/vec4 v0x55d67f473760_0, 0;
    %vpi_call/w 2 216 "$fwrite", v0x55d67f472410_0, "cycle_counter = %b\012", v0x55d67f473760_0 {0 0 0};
    %load/vec4 v0x55d67f473b60_0;
    %pad/u 32;
    %cmpi/e 1, 0, 32;
    %jmp/0xz  T_21.1, 4;
    %vpi_call/w 2 218 "$fwrite", v0x55d67f4725f0_0, "cycle_counter = %b\012", v0x55d67f473760_0 {0 0 0};
    %vpi_call/w 2 219 "$fwrite", v0x55d67f472510_0, "cycle_counter = %b\012", v0x55d67f473760_0 {0 0 0};
    %vpi_call/w 2 220 "$display", "%t, factorial =  %b, overflow = %b, expected factorial = %b, expected overflow = %b", $time, v0x55d67f4739d0_0, v0x55d67f473a90_0, v0x55d67f473820_0, v0x55d67f473910_0 {0 0 0};
    %vpi_call/w 2 222 "$fwrite", v0x55d67f4725f0_0, "%t, input = %b\012", $time, v0x55d67f473c30_0 {0 0 0};
    %vpi_call/w 2 223 "$fwrite", v0x55d67f472510_0, "%t, input = %b\012", $time, v0x55d67f473c30_0 {0 0 0};
    %vpi_call/w 2 224 "$fwrite", v0x55d67f4725f0_0, "%t, factorial = %b\012, overflow = %b\012", $time, v0x55d67f4739d0_0, v0x55d67f473a90_0 {0 0 0};
    %vpi_call/w 2 225 "$fwrite", v0x55d67f472510_0, "%t, factorial = %b\012, overflow = %b\012", $time, v0x55d67f473820_0, v0x55d67f473910_0 {0 0 0};
T_21.1 ;
    %jmp T_21.0;
    %vpi_call/w 2 229 "$fclose", v0x55d67f4725f0_0 {0 0 0};
    %vpi_call/w 2 230 "$fclose", v0x55d67f472510_0 {0 0 0};
    %vpi_call/w 2 231 "$fclose", v0x55d67f472410_0 {0 0 0};
    %end;
    .scope S_0x55d67f44b7b0;
t_8 %join;
    %end;
    .thread T_21;
    .scope S_0x55d67f474550;
T_22 ;
    %pushi/vec4 0, 0, 32;
    %store/vec4 v0x55d67f474a50_0, 0, 32;
    %pushi/vec4 0, 0, 1;
    %store/vec4 v0x55d67f4751c0_0, 0, 1;
    %pushi/vec4 0, 0, 1;
    %store/vec4 v0x55d67f474fb0_0, 0, 1;
    %end;
    .thread T_22, $init;
    .scope S_0x55d67f474550;
T_23 ;
    %pushi/vec4 0, 0, 1;
    %store/vec4 v0x55d67f475280_0, 0, 1;
    %pushi/vec4 0, 0, 32;
    %store/vec4 v0x55d67f475340_0, 0, 32;
    %pushi/vec4 0, 0, 32;
    %store/vec4 v0x55d67f474ce0_0, 0, 32;
    %pushi/vec4 0, 0, 1;
    %store/vec4 v0x55d67f4751c0_0, 0, 1;
    %pushi/vec4 0, 0, 1;
    %store/vec4 v0x55d67f474fb0_0, 0, 1;
    %pushi/vec4 0, 0, 32;
    %store/vec4 v0x55d67f474a50_0, 0, 32;
    %end;
    .thread T_23;
    .scope S_0x55d67f474550;
T_24 ;
    %wait E_0x55d67f454140;
    %load/vec4 v0x55d67f475280_0;
    %dup/vec4;
    %pushi/vec4 0, 0, 1;
    %cmp/u;
    %jmp/1 T_24.0, 6;
    %dup/vec4;
    %pushi/vec4 1, 0, 1;
    %cmp/u;
    %jmp/1 T_24.1, 6;
    %jmp T_24.2;
T_24.0 ;
    %load/vec4 v0x55d67f474a50_0;
    %load/vec4 v0x55d67f474e10_0;
    %add;
    %store/vec4 v0x55d67f475340_0, 0, 32;
    %load/vec4 v0x55d67f475340_0;
    %load/vec4 v0x55d67f474a50_0;
    %cmp/u;
    %flag_mov 8, 5;
    %load/vec4 v0x55d67f475340_0;
    %load/vec4 v0x55d67f474e10_0;
    %cmp/u;
    %flag_or 5, 8;
    %jmp/0xz  T_24.3, 5;
    %pushi/vec4 1, 0, 1;
    %store/vec4 v0x55d67f474fb0_0, 0, 1;
T_24.3 ;
    %load/vec4 v0x55d67f475340_0;
    %store/vec4 v0x55d67f474a50_0, 0, 32;
    %pushi/vec4 5, 0, 32;
    %load/vec4 v0x55d67f474ce0_0;
    %cmp/u;
    %flag_or 5, 4;
    %jmp/0xz  T_24.5, 5;
    %pushi/vec4 1, 0, 1;
    %store/vec4 v0x55d67f4751c0_0, 0, 1;
    %pushi/vec4 1, 0, 1;
    %store/vec4 v0x55d67f475280_0, 0, 1;
T_24.5 ;
    %load/vec4 v0x55d67f474ce0_0;
    %addi 1, 0, 32;
    %store/vec4 v0x55d67f474ce0_0, 0, 32;
    %jmp T_24.2;
T_24.1 ;
    %jmp T_24.2;
T_24.2 ;
    %pop/vec4 1;
    %jmp T_24;
    .thread T_24;
    .scope S_0x55d67f43e1a0;
T_25 ;
    %pushi/vec4 0, 0, 1;
    %store/vec4 v0x55d67f4755a0_0, 0, 1;
    %pushi/vec4 0, 0, 32;
    %store/vec4 v0x55d67f475740_0, 0, 32;
    %pushi/vec4 0, 0, 1;
    %store/vec4 v0x55d67f475800_0, 0, 1;
    %pushi/vec4 0, 0, 9;
    %store/vec4 v0x55d67f475670_0, 0, 9;
    %end;
    .thread T_25, $init;
    .scope S_0x55d67f43e1a0;
T_26 ;
    %pushi/vec4 0, 0, 1;
    %store/vec4 v0x55d67f4755a0_0, 0, 1;
T_26.0 ;
    %delay 5, 0;
    %load/vec4 v0x55d67f4755a0_0;
    %inv;
    %store/vec4 v0x55d67f4755a0_0, 0, 1;
    %jmp T_26.0;
    %end;
    .thread T_26;
    .scope S_0x55d67f43e1a0;
T_27 ;
    %vpi_call/w 2 269 "$dumpfile", "dump_hw6q3.vcd" {0 0 0};
    %vpi_call/w 2 270 "$dumpvars", 32'sb00000000000000000000000000000000 {0 0 0};
    %end;
    .thread T_27;
    .scope S_0x55d67f43e1a0;
T_28 ;
    %fork t_11, S_0x55d67f473d00;
    %jmp t_10;
    .scope S_0x55d67f473d00;
t_11 ;
    %vpi_func 2 277 "$fopen" 32, "hw6q3_out_display.text" {0 0 0};
    %store/vec4 v0x55d67f473f90_0, 0, 32;
    %vpi_func 2 278 "$fopen" 32, "hw6q3_expected_display.text" {0 0 0};
    %store/vec4 v0x55d67f473ed0_0, 0, 32;
    %pushi/vec4 0, 0, 32;
    %store/vec4 v0x55d67f4758c0_0, 0, 32;
    %pushi/vec4 0, 0, 32;
    %store/vec4 v0x55d67f475980_0, 0, 32;
    %pushi/vec4 0, 0, 32;
    %store/vec4 v0x55d67f475a40_0, 0, 32;
    %pushi/vec4 0, 0, 32;
    %store/vec4 v0x55d67f475b20_0, 0, 32;
    %pushi/vec4 0, 0, 32;
    %store/vec4 v0x55d67f475c90_0, 0, 32;
    %pushi/vec4 0, 0, 32;
    %store/vec4 v0x55d67f475d70_0, 0, 32;
    %pushi/vec4 0, 0, 32;
    %store/vec4 v0x55d67f475e50_0, 0, 32;
    %delay 10, 0;
    %load/vec4 v0x55d67f475980_0;
    %store/vec4 v0x55d67f4758c0_0, 0, 32;
    %delay 10, 0;
    %load/vec4 v0x55d67f475a40_0;
    %store/vec4 v0x55d67f4758c0_0, 0, 32;
    %delay 10, 0;
    %load/vec4 v0x55d67f475b20_0;
    %store/vec4 v0x55d67f4758c0_0, 0, 32;
    %delay 10, 0;
    %load/vec4 v0x55d67f475c90_0;
    %store/vec4 v0x55d67f4758c0_0, 0, 32;
    %delay 10, 0;
    %load/vec4 v0x55d67f475d70_0;
    %store/vec4 v0x55d67f4758c0_0, 0, 32;
    %delay 10, 0;
    %load/vec4 v0x55d67f475e50_0;
    %store/vec4 v0x55d67f4758c0_0, 0, 32;
    %pushi/vec4 0, 0, 32;
    %store/vec4 v0x55d67f475740_0, 0, 32;
    %pushi/vec4 0, 0, 1;
    %store/vec4 v0x55d67f475800_0, 0, 1;
    %delay 10, 0;
    %pushi/vec4 0, 0, 32;
    %store/vec4 v0x55d67f475980_0, 0, 32;
    %pushi/vec4 0, 0, 32;
    %store/vec4 v0x55d67f475a40_0, 0, 32;
    %pushi/vec4 0, 0, 32;
    %store/vec4 v0x55d67f475b20_0, 0, 32;
    %pushi/vec4 0, 0, 32;
    %store/vec4 v0x55d67f475c90_0, 0, 32;
    %pushi/vec4 0, 0, 32;
    %store/vec4 v0x55d67f475d70_0, 0, 32;
    %pushi/vec4 0, 0, 32;
    %store/vec4 v0x55d67f475e50_0, 0, 32;
    %load/vec4 v0x55d67f475980_0;
    %store/vec4 v0x55d67f4758c0_0, 0, 32;
    %delay 10, 0;
    %load/vec4 v0x55d67f475a40_0;
    %store/vec4 v0x55d67f4758c0_0, 0, 32;
    %delay 10, 0;
    %load/vec4 v0x55d67f475b20_0;
    %store/vec4 v0x55d67f4758c0_0, 0, 32;
    %delay 10, 0;
    %load/vec4 v0x55d67f475c90_0;
    %store/vec4 v0x55d67f4758c0_0, 0, 32;
    %delay 10, 0;
    %load/vec4 v0x55d67f475d70_0;
    %store/vec4 v0x55d67f4758c0_0, 0, 32;
    %delay 10, 0;
    %load/vec4 v0x55d67f475e50_0;
    %store/vec4 v0x55d67f4758c0_0, 0, 32;
    %pushi/vec4 0, 0, 32;
    %store/vec4 v0x55d67f475740_0, 0, 32;
    %pushi/vec4 0, 0, 1;
    %store/vec4 v0x55d67f475800_0, 0, 1;
    %delay 10, 0;
    %vpi_call/w 2 331 "$fclose", v0x55d67f473f90_0 {0 0 0};
    %vpi_call/w 2 332 "$fclose", v0x55d67f473ed0_0 {0 0 0};
    %end;
    .scope S_0x55d67f43e1a0;
t_10 %join;
    %end;
    .thread T_28;
    .scope S_0x55d67f43e1a0;
T_29 ;
    %fork t_13, S_0x55d67f474070;
    %jmp t_12;
    .scope S_0x55d67f474070;
t_13 ;
    %vpi_func 2 341 "$fopen" 32, "hw6q3_out_display.text" {0 0 0};
    %store/vec4 v0x55d67f474460_0, 0, 32;
    %vpi_func 2 342 "$fopen" 32, "hw6q3_expected_display.text" {0 0 0};
    %store/vec4 v0x55d67f474380_0, 0, 32;
    %vpi_func 2 343 "$fopen" 32, "dbg.text" {0 0 0};
    %store/vec4 v0x55d67f474280_0, 0, 32;
T_29.0 ;
    %wait E_0x55d67f454140;
    %load/vec4 v0x55d67f475670_0;
    %addi 1, 0, 9;
    %assign/vec4 v0x55d67f475670_0, 0;
    %vpi_call/w 2 348 "$fwrite", v0x55d67f474280_0, "cycle_counter = %d\012", v0x55d67f475670_0 {0 0 0};
    %load/vec4 v0x55d67f476000_0;
    %pad/u 32;
    %cmpi/e 1, 0, 32;
    %jmp/0xz  T_29.1, 4;
    %vpi_call/w 2 350 "$fwrite", v0x55d67f474460_0, "cycle_counter = %d\012", v0x55d67f475670_0 {0 0 0};
    %vpi_call/w 2 351 "$fwrite", v0x55d67f474380_0, "cycle_counter = %d\012", v0x55d67f475670_0 {0 0 0};
    %vpi_call/w 2 352 "$display", "%t, avg =  %b, overflow = %b, expected avg = %b, expected overflow = %b", $time, v0x55d67f4754c0_0, v0x55d67f475f30_0, v0x55d67f475740_0, v0x55d67f475800_0 {0 0 0};
    %vpi_call/w 2 354 "$fwrite", v0x55d67f474460_0, "%t, input_1 = \011%d\012", $time, v0x55d67f475980_0 {0 0 0};
    %vpi_call/w 2 355 "$fwrite", v0x55d67f474460_0, "%t, input_2 = \011%d\012", $time, v0x55d67f475a40_0 {0 0 0};
    %vpi_call/w 2 356 "$fwrite", v0x55d67f474460_0, "%t, input_3 = \011%d\012", $time, v0x55d67f475b20_0 {0 0 0};
    %vpi_call/w 2 357 "$fwrite", v0x55d67f474460_0, "%t, input_4 = \011%d\012", $time, v0x55d67f475c90_0 {0 0 0};
    %vpi_call/w 2 358 "$fwrite", v0x55d67f474460_0, "%t, input_5 = \011%d\012", $time, v0x55d67f475d70_0 {0 0 0};
    %vpi_call/w 2 359 "$fwrite", v0x55d67f474460_0, "%t, input_6 = \011%d\012", $time, v0x55d67f475e50_0 {0 0 0};
    %vpi_call/w 2 360 "$fwrite", v0x55d67f474460_0, "%t, average = \011%d\012", $time, v0x55d67f4754c0_0 {0 0 0};
    %vpi_call/w 2 361 "$fwrite", v0x55d67f474460_0, "%t, overflow = \011%d\012", $time, v0x55d67f475f30_0 {0 0 0};
    %vpi_call/w 2 363 "$fwrite", v0x55d67f474380_0, "%t, input_1 = \011%d\012", $time, v0x55d67f475980_0 {0 0 0};
    %vpi_call/w 2 364 "$fwrite", v0x55d67f474380_0, "%t, input_2 = \011%d\012", $time, v0x55d67f475a40_0 {0 0 0};
    %vpi_call/w 2 365 "$fwrite", v0x55d67f474380_0, "%t, input_3 = \011%d\012", $time, v0x55d67f475b20_0 {0 0 0};
    %vpi_call/w 2 366 "$fwrite", v0x55d67f474380_0, "%t, input_4 = \011%d\012", $time, v0x55d67f475c90_0 {0 0 0};
    %vpi_call/w 2 367 "$fwrite", v0x55d67f474380_0, "%t, input_5 = \011%d\012", $time, v0x55d67f475d70_0 {0 0 0};
    %vpi_call/w 2 368 "$fwrite", v0x55d67f474380_0, "%t, input_6 = \011%d\012", $time, v0x55d67f475e50_0 {0 0 0};
    %vpi_call/w 2 369 "$fwrite", v0x55d67f474380_0, "%t, average = \011%d\012", $time, v0x55d67f475740_0 {0 0 0};
    %vpi_call/w 2 370 "$fwrite", v0x55d67f474380_0, "%t, overflow = \011%d\012", $time, v0x55d67f475800_0 {0 0 0};
T_29.1 ;
    %jmp T_29.0;
    %vpi_call/w 2 374 "$fclose", v0x55d67f474460_0 {0 0 0};
    %vpi_call/w 2 375 "$fclose", v0x55d67f474380_0 {0 0 0};
    %vpi_call/w 2 376 "$fclose", v0x55d67f474280_0 {0 0 0};
    %end;
    .scope S_0x55d67f43e1a0;
t_12 %join;
    %end;
    .thread T_29;
    .scope S_0x55d67f476930;
T_30 ;
    %pushi/vec4 0, 0, 32;
    %store/vec4 v0x55d67f476ed0_0, 0, 32;
    %end;
    .thread T_30, $init;
    .scope S_0x55d67f476930;
T_31 ;
    %wait E_0x55d67f476600;
    %load/vec4 v0x55d67f476ed0_0;
    %load/vec4 v0x55d67f476c20_0;
    %add;
    %load/vec4 v0x55d67f476df0_0;
    %add;
    %assign/vec4 v0x55d67f476ed0_0, 0;
    %jmp T_31;
    .thread T_31;
    .scope S_0x55d67f43ddc0;
T_32 ;
    %pushi/vec4 0, 0, 1;
    %store/vec4 v0x55d67f477080_0, 0, 1;
    %end;
    .thread T_32, $init;
    .scope S_0x55d67f43ddc0;
T_33 ;
    %pushi/vec4 0, 0, 1;
    %store/vec4 v0x55d67f477080_0, 0, 1;
T_33.0 ;
    %delay 5, 0;
    %load/vec4 v0x55d67f477080_0;
    %inv;
    %store/vec4 v0x55d67f477080_0, 0, 1;
    %jmp T_33.0;
    %end;
    .thread T_33;
    .scope S_0x55d67f43ddc0;
T_34 ;
    %vpi_call/w 2 404 "$dumpfile", "dump_hw6q4.vcd" {0 0 0};
    %vpi_call/w 2 405 "$dumpvars", 32'sb00000000000000000000000000000000 {0 0 0};
    %end;
    .thread T_34;
    .scope S_0x55d67f43ddc0;
T_35 ;
    %fork t_15, S_0x55d67f4760d0;
    %jmp t_14;
    .scope S_0x55d67f4760d0;
t_15 ;
    %vpi_func 2 412 "$fopen" 32, "hw6q4_out_display.text" {0 0 0};
    %store/vec4 v0x55d67f476330_0, 0, 32;
    %vpi_func 2 413 "$fopen" 32, "hw6q4_expected_display.text" {0 0 0};
    %store/vec4 v0x55d67f476250_0, 0, 32;
    %delay 10, 0;
    %delay 10, 0;
    %delay 10, 0;
    %pushi/vec4 0, 0, 32;
    %store/vec4 v0x55d67f477300_0, 0, 32;
    %pushi/vec4 0, 0, 32;
    %store/vec4 v0x55d67f4773d0_0, 0, 32;
    %vpi_call/w 2 427 "$fclose", v0x55d67f476330_0 {0 0 0};
    %vpi_call/w 2 428 "$fclose", v0x55d67f476250_0 {0 0 0};
    %end;
    .scope S_0x55d67f43ddc0;
t_14 %join;
    %end;
    .thread T_35;
    .scope S_0x55d67f43ddc0;
T_36 ;
    %fork t_17, S_0x55d67f476410;
    %jmp t_16;
    .scope S_0x55d67f476410;
t_17 ;
    %vpi_func 2 437 "$fopen" 32, "hw6q4_out_display.text" {0 0 0};
    %store/vec4 v0x55d67f476840_0, 0, 32;
    %vpi_func 2 438 "$fopen" 32, "hw6q4_expected_display.text" {0 0 0};
    %store/vec4 v0x55d67f476760_0, 0, 32;
    %vpi_func 2 439 "$fopen" 32, "dbg.text" {0 0 0};
    %store/vec4 v0x55d67f476660_0, 0, 32;
T_36.0 ;
    %wait E_0x55d67f476600;
    %vpi_call/w 2 443 "$display", "%t, sum =  %b, expected sum = %b", $time, v0x55d67f477200_0, v0x55d67f477140_0 {0 0 0};
    %vpi_call/w 2 445 "$fwrite", v0x55d67f476840_0, "%t, stream1 = \011%d\012", $time, v0x55d67f477300_0 {0 0 0};
    %vpi_call/w 2 446 "$fwrite", v0x55d67f476840_0, "%t, stream2 = \011%d\012", $time, v0x55d67f4773d0_0 {0 0 0};
    %vpi_call/w 2 447 "$fwrite", v0x55d67f476840_0, "%t, sum = \011%d\012", $time, v0x55d67f477200_0 {0 0 0};
    %vpi_call/w 2 449 "$fwrite", v0x55d67f476760_0, "%t, stream1 = \011%d\012", $time, v0x55d67f477300_0 {0 0 0};
    %vpi_call/w 2 450 "$fwrite", v0x55d67f476760_0, "%t, stream2 = \011%d\012", $time, v0x55d67f4773d0_0 {0 0 0};
    %vpi_call/w 2 451 "$fwrite", v0x55d67f476760_0, "%t, sum = \011%d\012", $time, v0x55d67f477140_0 {0 0 0};
    %jmp T_36.0;
    %vpi_call/w 2 454 "$fclose", v0x55d67f476840_0 {0 0 0};
    %vpi_call/w 2 455 "$fclose", v0x55d67f476760_0 {0 0 0};
    %vpi_call/w 2 456 "$fclose", v0x55d67f476660_0 {0 0 0};
    %end;
    .scope S_0x55d67f43ddc0;
t_16 %join;
    %end;
    .thread T_36;
    .scope S_0x55d67f434ca0;
T_37 ;
    %pushi/vec4 0, 0, 1;
    %store/vec4 v0x55d67f477aa0_0, 0, 1;
    %pushi/vec4 1, 0, 1;
    %store/vec4 v0x55d67f4779d0_0, 0, 1;
    %pushi/vec4 0, 0, 32;
    %store/vec4 v0x55d67f478100_0, 0, 32;
    %end;
    .thread T_37, $init;
    .scope S_0x55d67f434ca0;
T_38 ;
    %wait E_0x55d67f4774c0;
    %load/vec4 v0x55d67f478040_0;
    %pad/u 32;
    %cmpi/e 1, 0, 32;
    %jmp/0xz  T_38.0, 4;
    %load/vec4 v0x55d67f478100_0;
    %cmpi/s 8, 0, 32;
    %jmp/0xz  T_38.2, 5;
    %load/vec4 v0x55d67f477b60_0;
    %ix/getv/s 4, v0x55d67f478100_0;
    %store/vec4a v0x55d67f477d70, 4, 0;
    %load/vec4 v0x55d67f478100_0;
    %addi 1, 0, 32;
    %store/vec4 v0x55d67f478100_0, 0, 32;
    %pushi/vec4 0, 0, 1;
    %store/vec4 v0x55d67f4779d0_0, 0, 1;
    %load/vec4 v0x55d67f478100_0;
    %cmpi/e 8, 0, 32;
    %jmp/0xz  T_38.4, 4;
    %pushi/vec4 1, 0, 1;
    %store/vec4 v0x55d67f477aa0_0, 0, 1;
T_38.4 ;
T_38.2 ;
    %jmp T_38.1;
T_38.0 ;
    %pushi/vec4 0, 0, 32;
    %load/vec4 v0x55d67f478100_0;
    %cmp/s;
    %jmp/0xz  T_38.6, 5;
    %ix/load 4, 0, 0;
    %flag_set/imm 4, 0;
    %load/vec4a v0x55d67f477d70, 4;
    %store/vec4 v0x55d67f4778f0_0, 0, 32;
    %fork t_19, S_0x55d67f477520;
    %jmp t_18;
    .scope S_0x55d67f477520;
t_19 ;
    %pushi/vec4 0, 0, 32;
    %store/vec4 v0x55d67f477710_0, 0, 32;
T_38.8 ;
    %load/vec4 v0x55d67f477710_0;
    %load/vec4 v0x55d67f478100_0;
    %subi 1, 0, 32;
    %cmp/s;
    %jmp/0xz T_38.9, 5;
    %load/vec4 v0x55d67f477710_0;
    %pad/s 33;
    %addi 1, 0, 33;
    %ix/vec4/s 4;
    %load/vec4a v0x55d67f477d70, 4;
    %ix/getv/s 4, v0x55d67f477710_0;
    %store/vec4a v0x55d67f477d70, 4, 0;
    %load/vec4 v0x55d67f477710_0;
    %addi 1, 0, 32;
    %cast2;
    %store/vec4 v0x55d67f477710_0, 0, 32;
    %jmp T_38.8;
T_38.9 ;
    %end;
    .scope S_0x55d67f434ca0;
t_18 %join;
    %load/vec4 v0x55d67f478100_0;
    %subi 1, 0, 32;
    %store/vec4 v0x55d67f478100_0, 0, 32;
    %pushi/vec4 0, 0, 1;
    %store/vec4 v0x55d67f477aa0_0, 0, 1;
    %load/vec4 v0x55d67f478100_0;
    %cmpi/e 0, 0, 32;
    %jmp/0xz  T_38.10, 4;
    %pushi/vec4 1, 0, 1;
    %store/vec4 v0x55d67f4779d0_0, 0, 1;
T_38.10 ;
T_38.6 ;
T_38.1 ;
    %jmp T_38;
    .thread T_38;
# The file index is used to find the file name in the following table.
:file_names 6;
    "N/A";
    "<interactive>";
    "testbench.sv";
    "hw4.sv";
    "hw6.sv";
    "hw7.sv";
