#! /usr/bin/vvp
:ivl_version "10.3 (stable)";
:ivl_delay_selection "TYPICAL";
:vpi_time_precision + 0;
:vpi_module "system";
:vpi_module "vhdl_sys";
:vpi_module "v2005_math";
:vpi_module "va_math";
:vpi_module "v2009";
S_0x55bcf467f370 .scope module, "average" "average" 2 20;
 .timescale 0 0;
    .port_info 0 /INPUT 32 "in"
    .port_info 1 /INPUT 1 "clk"
    .port_info 2 /OUTPUT 32 "avg"
    .port_info 3 /OUTPUT 1 "ready"
    .port_info 4 /OUTPUT 1 "overflow"
o0x7ff05c75e018 .functor BUFZ 32, C4<zzzzzzzzzzzzzzzzzzzzzzzzzzzzzzzz>; HiZ drive
v0x55bcf466be50_0 .net "avg", 31 0, o0x7ff05c75e018;  0 drivers
o0x7ff05c75e048 .functor BUFZ 1, C4<z>; HiZ drive
v0x55bcf466c5d0_0 .net "clk", 0 0, o0x7ff05c75e048;  0 drivers
o0x7ff05c75e078 .functor BUFZ 32, C4<zzzzzzzzzzzzzzzzzzzzzzzzzzzzzzzz>; HiZ drive
v0x55bcf469c950_0 .net "in", 31 0, o0x7ff05c75e078;  0 drivers
o0x7ff05c75e0a8 .functor BUFZ 1, C4<z>; HiZ drive
v0x55bcf469ca40_0 .net "overflow", 0 0, o0x7ff05c75e0a8;  0 drivers
o0x7ff05c75e0d8 .functor BUFZ 1, C4<z>; HiZ drive
v0x55bcf469cb00_0 .net "ready", 0 0, o0x7ff05c75e0d8;  0 drivers
S_0x55bcf467f4f0 .scope module, "divider" "divider" 2 1;
 .timescale 0 0;
    .port_info 0 /INPUT 32 "dividend"
    .port_info 1 /INPUT 32 "divisor"
    .port_info 2 /INPUT 1 "clk"
    .port_info 3 /OUTPUT 32 "quotient"
    .port_info 4 /OUTPUT 32 "remainder"
o0x7ff05c75e1f8 .functor BUFZ 1, C4<z>; HiZ drive
v0x55bcf469ccb0_0 .net "clk", 0 0, o0x7ff05c75e1f8;  0 drivers
o0x7ff05c75e228 .functor BUFZ 32, C4<zzzzzzzzzzzzzzzzzzzzzzzzzzzzzzzz>; HiZ drive
v0x55bcf469cd90_0 .net "dividend", 31 0, o0x7ff05c75e228;  0 drivers
o0x7ff05c75e258 .functor BUFZ 32, C4<zzzzzzzzzzzzzzzzzzzzzzzzzzzzzzzz>; HiZ drive
v0x55bcf469ce70_0 .net "divisor", 31 0, o0x7ff05c75e258;  0 drivers
o0x7ff05c75e288 .functor BUFZ 32, C4<zzzzzzzzzzzzzzzzzzzzzzzzzzzzzzzz>; HiZ drive
v0x55bcf469cf30_0 .net "quotient", 31 0, o0x7ff05c75e288;  0 drivers
o0x7ff05c75e2b8 .functor BUFZ 32, C4<zzzzzzzzzzzzzzzzzzzzzzzzzzzzzzzz>; HiZ drive
v0x55bcf469d010_0 .net "remainder", 31 0, o0x7ff05c75e2b8;  0 drivers
S_0x55bcf46809c0 .scope module, "factorial" "factorial" 2 11;
 .timescale 0 0;
    .port_info 0 /INPUT 32 "val"
    .port_info 1 /OUTPUT 32 "factorial"
    .port_info 2 /OUTPUT 1 "ready"
    .port_info 3 /OUTPUT 1 "overflow"
o0x7ff05c75e3d8 .functor BUFZ 32, C4<zzzzzzzzzzzzzzzzzzzzzzzzzzzzzzzz>; HiZ drive
v0x55bcf469d1e0_0 .net "factorial", 31 0, o0x7ff05c75e3d8;  0 drivers
o0x7ff05c75e408 .functor BUFZ 1, C4<z>; HiZ drive
v0x55bcf469d2e0_0 .net "overflow", 0 0, o0x7ff05c75e408;  0 drivers
o0x7ff05c75e438 .functor BUFZ 1, C4<z>; HiZ drive
v0x55bcf469d3a0_0 .net "ready", 0 0, o0x7ff05c75e438;  0 drivers
o0x7ff05c75e468 .functor BUFZ 32, C4<zzzzzzzzzzzzzzzzzzzzzzzzzzzzzzzz>; HiZ drive
v0x55bcf469d440_0 .net "val", 31 0, o0x7ff05c75e468;  0 drivers
S_0x55bcf4680b40 .scope module, "hw4_tb" "hw4_tb" 3 1;
 .timescale 0 0;
v0x55bcf469e4a0_0 .var "a", 2 0;
v0x55bcf469e580_0 .var "b", 2 0;
v0x55bcf469e650_0 .var "c", 2 0;
v0x55bcf469e750_0 .var "clk", 0 0;
v0x55bcf469e7f0_0 .var "expected", 2 0;
v0x55bcf469e8b0_0 .net "out", 2 0, L_0x55bcf469f910;  1 drivers
v0x55bcf469e970_0 .var/2s "test_num", 31 0;
S_0x55bcf469d5d0 .scope begin, "$unm_blk_5" "$unm_blk_5" 3 55, 3 55 0, S_0x55bcf4680b40;
 .timescale 0 0;
v0x55bcf469d800_0 .var/i "expected_file", 31 0;
v0x55bcf469d900_0 .var/i "out_file", 31 0;
E_0x55bcf4682480 .event posedge, v0x55bcf469e750_0;
S_0x55bcf469d9e0 .scope module, "my_max" "find_max" 3 13, 4 1 0, S_0x55bcf4680b40;
 .timescale 0 0;
    .port_info 0 /INPUT 3 "a"
    .port_info 1 /INPUT 3 "b"
    .port_info 2 /INPUT 3 "c"
    .port_info 3 /OUTPUT 3 "max"
v0x55bcf469dc40_0 .net *"_s0", 0 0, L_0x55bcf469f360;  1 drivers
v0x55bcf469dd00_0 .net *"_s2", 0 0, L_0x55bcf469f4a0;  1 drivers
v0x55bcf469ddc0_0 .net *"_s4", 2 0, L_0x55bcf469f590;  1 drivers
v0x55bcf469deb0_0 .net *"_s6", 0 0, L_0x55bcf469f680;  1 drivers
v0x55bcf469df70_0 .net *"_s8", 2 0, L_0x55bcf469f7e0;  1 drivers
v0x55bcf469e0a0_0 .net "a", 2 0, v0x55bcf469e4a0_0;  1 drivers
v0x55bcf469e180_0 .net "b", 2 0, v0x55bcf469e580_0;  1 drivers
v0x55bcf469e260_0 .net "c", 2 0, v0x55bcf469e650_0;  1 drivers
v0x55bcf469e340_0 .net "max", 2 0, L_0x55bcf469f910;  alias, 1 drivers
L_0x55bcf469f360 .cmp/gt 3, v0x55bcf469e4a0_0, v0x55bcf469e580_0;
L_0x55bcf469f4a0 .cmp/gt 3, v0x55bcf469e4a0_0, v0x55bcf469e650_0;
L_0x55bcf469f590 .functor MUXZ 3, v0x55bcf469e650_0, v0x55bcf469e4a0_0, L_0x55bcf469f4a0, C4<>;
L_0x55bcf469f680 .cmp/gt 3, v0x55bcf469e580_0, v0x55bcf469e650_0;
L_0x55bcf469f7e0 .functor MUXZ 3, v0x55bcf469e650_0, v0x55bcf469e580_0, L_0x55bcf469f680, C4<>;
L_0x55bcf469f910 .functor MUXZ 3, L_0x55bcf469f7e0, L_0x55bcf469f590, L_0x55bcf469f360, C4<>;
S_0x55bcf467d4e0 .scope module, "queue" "queue" 5 1;
 .timescale 0 0;
    .port_info 0 /INPUT 32 "in"
    .port_info 1 /INPUT 1 "signal"
    .port_info 2 /OUTPUT 32 "out"
    .port_info 3 /OUTPUT 1 "queue_full"
    .port_info 4 /OUTPUT 1 "queue_empty"
o0x7ff05c75e8b8 .functor BUFZ 32, C4<zzzzzzzzzzzzzzzzzzzzzzzzzzzzzzzz>; HiZ drive
v0x55bcf469ea30_0 .net "in", 31 0, o0x7ff05c75e8b8;  0 drivers
o0x7ff05c75e8e8 .functor BUFZ 32, C4<zzzzzzzzzzzzzzzzzzzzzzzzzzzzzzzz>; HiZ drive
v0x55bcf469eb30_0 .net "out", 31 0, o0x7ff05c75e8e8;  0 drivers
o0x7ff05c75e918 .functor BUFZ 1, C4<z>; HiZ drive
v0x55bcf469ec10_0 .net "queue_empty", 0 0, o0x7ff05c75e918;  0 drivers
o0x7ff05c75e948 .functor BUFZ 1, C4<z>; HiZ drive
v0x55bcf469ece0_0 .net "queue_full", 0 0, o0x7ff05c75e948;  0 drivers
o0x7ff05c75e978 .functor BUFZ 1, C4<z>; HiZ drive
v0x55bcf469eda0_0 .net "signal", 0 0, o0x7ff05c75e978;  0 drivers
S_0x55bcf467d730 .scope module, "stream" "stream" 2 30;
 .timescale 0 0;
    .port_info 0 /INPUT 32 "first_stream"
    .port_info 1 /INPUT 32 "second_stream"
    .port_info 2 /INPUT 1 "clk"
    .port_info 3 /OUTPUT 32 "running_sum"
o0x7ff05c75ea98 .functor BUFZ 1, C4<z>; HiZ drive
v0x55bcf469ef50_0 .net "clk", 0 0, o0x7ff05c75ea98;  0 drivers
o0x7ff05c75eac8 .functor BUFZ 32, C4<zzzzzzzzzzzzzzzzzzzzzzzzzzzzzzzz>; HiZ drive
v0x55bcf469f030_0 .net "first_stream", 31 0, o0x7ff05c75eac8;  0 drivers
o0x7ff05c75eaf8 .functor BUFZ 32, C4<zzzzzzzzzzzzzzzzzzzzzzzzzzzzzzzz>; HiZ drive
v0x55bcf469f110_0 .net "running_sum", 31 0, o0x7ff05c75eaf8;  0 drivers
o0x7ff05c75eb28 .functor BUFZ 32, C4<zzzzzzzzzzzzzzzzzzzzzzzzzzzzzzzz>; HiZ drive
v0x55bcf469f1d0_0 .net "second_stream", 31 0, o0x7ff05c75eb28;  0 drivers
    .scope S_0x55bcf4680b40;
T_0 ;
    %pushi/vec4 0, 0, 1;
    %store/vec4 v0x55bcf469e750_0, 0, 1;
T_0.0 ;
    %delay 1, 0;
    %load/vec4 v0x55bcf469e750_0;
    %nor/r;
    %store/vec4 v0x55bcf469e750_0, 0, 1;
    %jmp T_0.0;
    %end;
    .thread T_0;
    .scope S_0x55bcf4680b40;
T_1 ;
    %vpi_call/w 3 24 "$dumpfile", "./sim/dump_hw4.vcd" {0 0 0};
    %vpi_call/w 3 25 "$dumpvars", 32'sb00000000000000000000000000000000 {0 0 0};
    %end;
    .thread T_1;
    .scope S_0x55bcf4680b40;
T_2 ;
    %pushi/vec4 1, 0, 32;
    %store/vec4 v0x55bcf469e970_0, 0, 32;
    %pushi/vec4 5, 0, 3;
    %store/vec4 v0x55bcf469e4a0_0, 0, 3;
    %pushi/vec4 4, 0, 3;
    %store/vec4 v0x55bcf469e580_0, 0, 3;
    %pushi/vec4 1, 0, 3;
    %store/vec4 v0x55bcf469e650_0, 0, 3;
    %pushi/vec4 5, 0, 3;
    %store/vec4 v0x55bcf469e7f0_0, 0, 3;
    %wait E_0x55bcf4682480;
    %pushi/vec4 2, 0, 32;
    %store/vec4 v0x55bcf469e970_0, 0, 32;
    %pushi/vec4 2, 0, 3;
    %store/vec4 v0x55bcf469e4a0_0, 0, 3;
    %pushi/vec4 3, 0, 3;
    %store/vec4 v0x55bcf469e580_0, 0, 3;
    %pushi/vec4 0, 0, 3;
    %store/vec4 v0x55bcf469e650_0, 0, 3;
    %pushi/vec4 3, 0, 3;
    %store/vec4 v0x55bcf469e7f0_0, 0, 3;
    %wait E_0x55bcf4682480;
    %vpi_call/w 3 49 "$finish" {0 0 0};
    %end;
    .thread T_2;
    .scope S_0x55bcf4680b40;
T_3 ;
    %fork t_1, S_0x55bcf469d5d0;
    %jmp t_0;
    .scope S_0x55bcf469d5d0;
t_1 ;
    %vpi_func 3 57 "$fopen" 32, "./vvp/hw4_out_display.text" {0 0 0};
    %store/vec4 v0x55bcf469d900_0, 0, 32;
    %vpi_func 3 58 "$fopen" 32, "./vvp/hw4_expected_display.text" {0 0 0};
    %store/vec4 v0x55bcf469d800_0, 0, 32;
    %pushi/vec4 0, 0, 1;
    %store/vec4 v0x55bcf469e750_0, 0, 1;
T_3.0 ;
    %wait E_0x55bcf4682480;
    %vpi_call/w 3 62 "$display", "%t, out =  %b, expected = %b", $time, v0x55bcf469e8b0_0, v0x55bcf469e7f0_0 {0 0 0};
    %vpi_call/w 3 63 "$fwrite", v0x55bcf469d900_0, "%t, out = %b\012", $time, v0x55bcf469e8b0_0 {0 0 0};
    %vpi_call/w 3 64 "$fwrite", v0x55bcf469d800_0, "%t, out = %b\012", $time, v0x55bcf469e7f0_0 {0 0 0};
    %jmp T_3.0;
    %vpi_call/w 3 67 "$fclose", v0x55bcf469d900_0 {0 0 0};
    %vpi_call/w 3 68 "$fclose", v0x55bcf469d800_0 {0 0 0};
    %end;
    .scope S_0x55bcf4680b40;
t_0 %join;
    %end;
    .thread T_3;
# The file index is used to find the file name in the following table.
:file_names 6;
    "N/A";
    "<interactive>";
    "./hdl/hw6.sv";
    "./test/testbench.sv";
    "./hdl/hw4.sv";
    "./hdl/hw7.sv";
